<?xml version="1.0" encoding="UTF-8"?>
<robot generator="Robot 7.1.1 (Python 3.11.5 on darwin)" generated="2024-11-13T21:16:02.446195" rpa="false" schemaversion="5">
<suite id="s1" name="Tests" source="/Users/kalle/webcounter/src/tests">
<suite id="s1-s1" name="Increment" source="/Users/kalle/webcounter/src/tests/increment.robot">
<kw name="Open And Configure Browser" owner="resource" type="SETUP">
<if>
<branch type="IF" condition="$BROWSER == 'chrome'">
<kw name="Evaluate" owner="BuiltIn">
<msg time="2024-11-13T21:16:02.661965" level="INFO">${options} = &lt;selenium.webdriver.chrome.options.Options object at 0x1043a1f90&gt;</msg>
<var>${options}</var>
<arg>sys.modules['selenium.webdriver'].ChromeOptions()</arg>
<arg>sys</arg>
<doc>Evaluates the given expression in Python and returns the result.</doc>
<status status="PASS" start="2024-11-13T21:16:02.661719" elapsed="0.000278"/>
</kw>
<status status="PASS" start="2024-11-13T21:16:02.659495" elapsed="0.002578"/>
</branch>
<branch type="ELSE IF" condition="$BROWSER == 'firefox'">
<kw name="Evaluate" owner="BuiltIn">
<var>${options}</var>
<arg>sys.modules['selenium.webdriver'].FirefoxOptions()</arg>
<arg>sys</arg>
<doc>Evaluates the given expression in Python and returns the result.</doc>
<status status="NOT RUN" start="2024-11-13T21:16:02.662211" elapsed="0.000027"/>
</kw>
<status status="NOT RUN" start="2024-11-13T21:16:02.662112" elapsed="0.000173"/>
</branch>
<status status="PASS" start="2024-11-13T21:16:02.659474" elapsed="0.002839"/>
</if>
<if>
<branch type="IF" condition="$HEADLESS == 'true'">
<kw name="Set Selenium Speed" owner="SeleniumLibrary">
<arg>0</arg>
<doc>Sets the delay that is waited after each Selenium command.</doc>
<status status="NOT RUN" start="2024-11-13T21:16:02.662522" elapsed="0.000025"/>
</kw>
<kw name="Call Method" owner="BuiltIn">
<arg>${options}</arg>
<arg>add_argument</arg>
<arg>--headless</arg>
<doc>Calls the named method of the given object with the provided arguments.</doc>
<status status="NOT RUN" start="2024-11-13T21:16:02.662630" elapsed="0.000024"/>
</kw>
<status status="NOT RUN" start="2024-11-13T21:16:02.662358" elapsed="0.000335"/>
</branch>
<branch type="ELSE">
<kw name="Set Selenium Speed" owner="SeleniumLibrary">
<arg>${DELAY}</arg>
<doc>Sets the delay that is waited after each Selenium command.</doc>
<status status="PASS" start="2024-11-13T21:16:02.662797" elapsed="0.000235"/>
</kw>
<status status="PASS" start="2024-11-13T21:16:02.662725" elapsed="0.000361"/>
</branch>
<status status="PASS" start="2024-11-13T21:16:02.662345" elapsed="0.000768"/>
</if>
<kw name="Open Browser" owner="SeleniumLibrary">
<msg time="2024-11-13T21:16:02.663391" level="INFO">Opening browser 'chrome' to base url 'None'.</msg>
<arg>browser=${BROWSER}</arg>
<arg>options=${options}</arg>
<doc>Opens a new browser instance to the optional ``url``.</doc>
<status status="PASS" start="2024-11-13T21:16:02.663196" elapsed="1.759246"/>
</kw>
<status status="PASS" start="2024-11-13T21:16:02.659231" elapsed="1.763741"/>
</kw>
<test id="s1-s1-t1" name="At start the counter is zero" line="7">
<kw name="Go To" owner="SeleniumLibrary">
<msg time="2024-11-13T21:16:04.424251" level="INFO">Opening url 'http://localhost:5001'</msg>
<arg>${HOME_URL}</arg>
<doc>Navigates the current browser window to the provided ``url``.</doc>
<status status="PASS" start="2024-11-13T21:16:04.423947" elapsed="0.572965"/>
</kw>
<kw name="Title Should Be" owner="SeleniumLibrary">
<msg time="2024-11-13T21:16:05.515584" level="INFO">Page title is 'Laskuri'.</msg>
<arg>Laskuri</arg>
<doc>Verifies that the current page title equals ``title``.</doc>
<status status="PASS" start="2024-11-13T21:16:04.998056" elapsed="0.518181"/>
</kw>
<kw name="Page Should Contain" owner="SeleniumLibrary">
<msg time="2024-11-13T21:16:06.540231" level="INFO">Current page contains text 'nappia painettu 0 kertaa'.</msg>
<arg>nappia painettu 0 kertaa</arg>
<doc>Verifies that current page contains ``text``.</doc>
<status status="PASS" start="2024-11-13T21:16:05.517541" elapsed="1.022856"/>
</kw>
<status status="PASS" start="2024-11-13T21:16:04.423204" elapsed="2.117519"/>
</test>
<test id="s1-s1-t2" name="When button pressed twice the counter is two" line="12">
<kw name="Go To" owner="SeleniumLibrary">
<msg time="2024-11-13T21:16:06.541709" level="INFO">Opening url 'http://localhost:5001'</msg>
<arg>${HOME_URL}</arg>
<doc>Navigates the current browser window to the provided ``url``.</doc>
<status status="PASS" start="2024-11-13T21:16:06.541492" elapsed="0.526291"/>
</kw>
<kw name="Click Button" owner="SeleniumLibrary">
<msg time="2024-11-13T21:16:07.070552" level="INFO">Clicking button 'Paina'.</msg>
<arg>Paina</arg>
<doc>Clicks the button identified by ``locator``.</doc>
<status status="PASS" start="2024-11-13T21:16:07.068573" elapsed="1.610024"/>
</kw>
<kw name="Click Button" owner="SeleniumLibrary">
<msg time="2024-11-13T21:16:08.680021" level="INFO">Clicking button 'Paina'.</msg>
<arg>Paina</arg>
<doc>Clicks the button identified by ``locator``.</doc>
<status status="PASS" start="2024-11-13T21:16:08.679357" elapsed="1.598750"/>
</kw>
<kw name="Page Should Contain" owner="SeleniumLibrary">
<msg time="2024-11-13T21:16:11.314205" level="INFO">Current page contains text 'nappia painettu 2 kertaa'.</msg>
<arg>nappia painettu 2 kertaa</arg>
<doc>Verifies that current page contains ``text``.</doc>
<status status="PASS" start="2024-11-13T21:16:10.278953" elapsed="1.035638"/>
</kw>
<status status="PASS" start="2024-11-13T21:16:06.541101" elapsed="4.774253"/>
</test>
<kw name="Close Browser" owner="SeleniumLibrary" type="TEARDOWN">
<doc>Closes the current browser.</doc>
<status status="PASS" start="2024-11-13T21:16:11.317197" elapsed="0.574476"/>
</kw>
<status status="PASS" start="2024-11-13T21:16:02.473650" elapsed="9.418258"/>
</suite>
<suite id="s1-s2" name="Reset" source="/Users/kalle/webcounter/src/tests/reset.robot">
<kw name="Open And Configure Browser" owner="resource" type="SETUP">
<if>
<branch type="IF" condition="$BROWSER == 'chrome'">
<kw name="Evaluate" owner="BuiltIn">
<msg time="2024-11-13T21:16:11.899635" level="INFO">${options} = &lt;selenium.webdriver.chrome.options.Options object at 0x1043f8690&gt;</msg>
<var>${options}</var>
<arg>sys.modules['selenium.webdriver'].ChromeOptions()</arg>
<arg>sys</arg>
<doc>Evaluates the given expression in Python and returns the result.</doc>
<status status="PASS" start="2024-11-13T21:16:11.899186" elapsed="0.000493"/>
</kw>
<status status="PASS" start="2024-11-13T21:16:11.898755" elapsed="0.001004"/>
</branch>
<branch type="ELSE IF" condition="$BROWSER == 'firefox'">
<kw name="Evaluate" owner="BuiltIn">
<var>${options}</var>
<arg>sys.modules['selenium.webdriver'].FirefoxOptions()</arg>
<arg>sys</arg>
<doc>Evaluates the given expression in Python and returns the result.</doc>
<status status="NOT RUN" start="2024-11-13T21:16:11.899958" elapsed="0.000038"/>
</kw>
<status status="NOT RUN" start="2024-11-13T21:16:11.899822" elapsed="0.000234"/>
</branch>
<status status="PASS" start="2024-11-13T21:16:11.898704" elapsed="0.001396"/>
</if>
<if>
<branch type="IF" condition="$HEADLESS == 'true'">
<kw name="Set Selenium Speed" owner="SeleniumLibrary">
<arg>0</arg>
<doc>Sets the delay that is waited after each Selenium command.</doc>
<status status="NOT RUN" start="2024-11-13T21:16:11.900430" elapsed="0.000038"/>
</kw>
<kw name="Call Method" owner="BuiltIn">
<arg>${options}</arg>
<arg>add_argument</arg>
<arg>--headless</arg>
<doc>Calls the named method of the given object with the provided arguments.</doc>
<status status="NOT RUN" start="2024-11-13T21:16:11.900606" elapsed="0.000035"/>
</kw>
<status status="NOT RUN" start="2024-11-13T21:16:11.900178" elapsed="0.000524"/>
</branch>
<branch type="ELSE">
<kw name="Set Selenium Speed" owner="SeleniumLibrary">
<arg>${DELAY}</arg>
<doc>Sets the delay that is waited after each Selenium command.</doc>
<status status="PASS" start="2024-11-13T21:16:11.900871" elapsed="0.000400"/>
</kw>
<status status="PASS" start="2024-11-13T21:16:11.900750" elapsed="0.000586"/>
</branch>
<status status="PASS" start="2024-11-13T21:16:11.900157" elapsed="0.001225"/>
</if>
<kw name="Open Browser" owner="SeleniumLibrary">
<msg time="2024-11-13T21:16:11.901997" level="INFO">Opening browser 'chrome' to base url 'None'.</msg>
<arg>browser=${BROWSER}</arg>
<arg>options=${options}</arg>
<doc>Opens a new browser instance to the optional ``url``.</doc>
<status status="PASS" start="2024-11-13T21:16:11.901535" elapsed="1.329296"/>
</kw>
<status status="PASS" start="2024-11-13T21:16:11.898395" elapsed="1.332894"/>
</kw>
<test id="s1-s2-t1" name="When counter has a nonzero value and it is reset the value becomes zero" line="7">
<kw name="Go To" owner="SeleniumLibrary">
<msg time="2024-11-13T21:16:13.234774" level="INFO">Opening url 'http://localhost:5001'</msg>
<arg>${HOME_URL}</arg>
<doc>Navigates the current browser window to the provided ``url``.</doc>
<status status="PASS" start="2024-11-13T21:16:13.234193" elapsed="0.767409"/>
</kw>
<kw name="Click Button" owner="SeleniumLibrary">
<msg time="2024-11-13T21:16:14.003218" level="INFO">Clicking button 'Nollaa'.</msg>
<arg>Nollaa</arg>
<doc>Clicks the button identified by ``locator``.</doc>
<status status="PASS" start="2024-11-13T21:16:14.002552" elapsed="1.620776"/>
</kw>
<kw name="Page Should Contain" owner="SeleniumLibrary">
<msg time="2024-11-13T21:16:16.657897" level="INFO">Current page contains text 'nappia painettu 0 kertaa'.</msg>
<arg>nappia painettu 0 kertaa</arg>
<doc>Verifies that current page contains ``text``.</doc>
<status status="PASS" start="2024-11-13T21:16:15.624269" elapsed="1.033967"/>
</kw>
<status status="PASS" start="2024-11-13T21:16:13.231523" elapsed="3.427408"/>
</test>
<kw name="Close Browser" owner="SeleniumLibrary" type="TEARDOWN">
<doc>Closes the current browser.</doc>
<status status="PASS" start="2024-11-13T21:16:16.660168" elapsed="0.570005"/>
</kw>
<status status="PASS" start="2024-11-13T21:16:11.893612" elapsed="5.336753"/>
</suite>
<suite id="s1-s3" name="Set" source="/Users/kalle/webcounter/src/tests/set.robot">
<kw name="Open And Configure Browser" owner="resource" type="SETUP">
<if>
<branch type="IF" condition="$BROWSER == 'chrome'">
<kw name="Evaluate" owner="BuiltIn">
<msg time="2024-11-13T21:16:17.238600" level="INFO">${options} = &lt;selenium.webdriver.chrome.options.Options object at 0x1043f8b50&gt;</msg>
<var>${options}</var>
<arg>sys.modules['selenium.webdriver'].ChromeOptions()</arg>
<arg>sys</arg>
<doc>Evaluates the given expression in Python and returns the result.</doc>
<status status="PASS" start="2024-11-13T21:16:17.238154" elapsed="0.000497"/>
</kw>
<status status="PASS" start="2024-11-13T21:16:17.237721" elapsed="0.001021"/>
</branch>
<branch type="ELSE IF" condition="$BROWSER == 'firefox'">
<kw name="Evaluate" owner="BuiltIn">
<var>${options}</var>
<arg>sys.modules['selenium.webdriver'].FirefoxOptions()</arg>
<arg>sys</arg>
<doc>Evaluates the given expression in Python and returns the result.</doc>
<status status="NOT RUN" start="2024-11-13T21:16:17.238964" elapsed="0.000052"/>
</kw>
<status status="NOT RUN" start="2024-11-13T21:16:17.238810" elapsed="0.000280"/>
</branch>
<status status="PASS" start="2024-11-13T21:16:17.237678" elapsed="0.001463"/>
</if>
<if>
<branch type="IF" condition="$HEADLESS == 'true'">
<kw name="Set Selenium Speed" owner="SeleniumLibrary">
<arg>0</arg>
<doc>Sets the delay that is waited after each Selenium command.</doc>
<status status="NOT RUN" start="2024-11-13T21:16:17.239513" elapsed="0.000043"/>
</kw>
<kw name="Call Method" owner="BuiltIn">
<arg>${options}</arg>
<arg>add_argument</arg>
<arg>--headless</arg>
<doc>Calls the named method of the given object with the provided arguments.</doc>
<status status="NOT RUN" start="2024-11-13T21:16:17.239708" elapsed="0.000041"/>
</kw>
<status status="NOT RUN" start="2024-11-13T21:16:17.239222" elapsed="0.000602"/>
</branch>
<branch type="ELSE">
<kw name="Set Selenium Speed" owner="SeleniumLibrary">
<arg>${DELAY}</arg>
<doc>Sets the delay that is waited after each Selenium command.</doc>
<status status="PASS" start="2024-11-13T21:16:17.240006" elapsed="0.000403"/>
</kw>
<status status="PASS" start="2024-11-13T21:16:17.239877" elapsed="0.000620"/>
</branch>
<status status="PASS" start="2024-11-13T21:16:17.239199" elapsed="0.001348"/>
</if>
<kw name="Open Browser" owner="SeleniumLibrary">
<msg time="2024-11-13T21:16:17.241060" level="INFO">Opening browser 'chrome' to base url 'None'.</msg>
<arg>browser=${BROWSER}</arg>
<arg>options=${options}</arg>
<doc>Opens a new browser instance to the optional ``url``.</doc>
<status status="PASS" start="2024-11-13T21:16:17.240701" elapsed="1.276157"/>
</kw>
<status status="PASS" start="2024-11-13T21:16:17.237369" elapsed="1.279862"/>
</kw>
<test id="s1-s3-t1" name="When you write a number in the field and press aseta" line="7">
<kw name="Go To" owner="SeleniumLibrary">
<msg time="2024-11-13T21:16:18.518842" level="INFO">Opening url 'http://localhost:5001'</msg>
<arg>${HOME_URL}</arg>
<doc>Navigates the current browser window to the provided ``url``.</doc>
<status status="PASS" start="2024-11-13T21:16:18.518397" elapsed="0.612994"/>
</kw>
<kw name="Input Text" owner="SeleniumLibrary">
<msg time="2024-11-13T21:16:19.133516" level="INFO">Typing text '10' into text field 'value'.</msg>
<arg>value</arg>
<arg>10</arg>
<doc>Types the given ``text`` into the text field identified by ``locator``.</doc>
<status status="PASS" start="2024-11-13T21:16:19.132567" elapsed="1.708106"/>
</kw>
<kw name="Click Button" owner="SeleniumLibrary">
<msg time="2024-11-13T21:16:20.842929" level="INFO">Clicking button 'aseta'.</msg>
<arg>aseta</arg>
<doc>Clicks the button identified by ``locator``.</doc>
<status status="PASS" start="2024-11-13T21:16:20.842064" elapsed="1.634512"/>
</kw>
<kw name="Page Should Contain" owner="SeleniumLibrary">
<msg time="2024-11-13T21:16:23.516484" level="INFO">Current page contains text 'nappia painettu 10 kertaa'.</msg>
<arg>nappia painettu 10 kertaa</arg>
<doc>Verifies that current page contains ``text``.</doc>
<status status="PASS" start="2024-11-13T21:16:22.477417" elapsed="1.039436"/>
</kw>
<status status="PASS" start="2024-11-13T21:16:18.517513" elapsed="5.000331"/>
</test>
<kw name="Close Browser" owner="SeleniumLibrary" type="TEARDOWN">
<doc>Closes the current browser.</doc>
<status status="PASS" start="2024-11-13T21:16:23.519467" elapsed="0.567182"/>
</kw>
<status status="PASS" start="2024-11-13T21:16:17.231451" elapsed="6.855356"/>
</suite>
<status status="PASS" start="2024-11-13T21:16:02.447492" elapsed="21.640968"/>
</suite>
<statistics>
<total>
<stat pass="4" fail="0" skip="0">All Tests</stat>
</total>
<tag>
</tag>
<suite>
<stat pass="4" fail="0" skip="0" id="s1" name="Tests">Tests</stat>
<stat pass="2" fail="0" skip="0" id="s1-s1" name="Increment">Tests.Increment</stat>
<stat pass="1" fail="0" skip="0" id="s1-s2" name="Reset">Tests.Reset</stat>
<stat pass="1" fail="0" skip="0" id="s1-s3" name="Set">Tests.Set</stat>
</suite>
</statistics>
<errors>
</errors>
</robot>
